Build started 25/09/2012 20:16:37.
     1>Project "C:\Meus Documentos\pos\Tese\Artigos2012\UIST_2012\Synaptics\SERVER\TOUCH\SynForcePad.vcxproj" on node 2 (build target(s)).
     1>InitializeBuildStatus:
         Creating "Win32\Debug\SynForcePad.unsuccessfulbuild" because "AlwaysCreate" was specified.
       ClCompile:
         All outputs are up-to-date.
         c:\Program Files (x86)\Microsoft Visual Studio 10.0\VC\bin\CL.exe /c /I..\include /I..\..\include /ZI /nologo /W4 /WX- /Od /Oy- /D WIN32 /D _WINDOWS /D _DEBUG /D LOGGING /D _UNICODE /D UNICODE /Gm /EHsc /RTC1 /MTd /GS /fp:precise /Zc:wchar_t /Zc:forScope /Yu"StdAfx.h" /Fp"Win32\Debug\SynForcePad.pch" /Fo"Win32\Debug\\" /Fd"Win32\Debug\vc100.pdb" /Gd /TP /analyze- /errorReport:prompt SynForcePadDlg.cpp /Od 
         SynForcePadDlg.cpp
     1>c:\meus documentos\pos\tese\artigos2012\uist_2012\synaptics\server\touch\synforcepaddlg.cpp(210): warning C4189: 'evento' : local variable is initialized but not referenced
     1>c:\meus documentos\pos\tese\artigos2012\uist_2012\synaptics\server\touch\synforcepaddlg.cpp(355): warning C4996: 'sprintf': This function or variable may be unsafe. Consider using sprintf_s instead. To disable deprecation, use _CRT_SECURE_NO_WARNINGS. See online help for details.
                 c:\program files (x86)\microsoft visual studio 10.0\vc\include\stdio.h(371) : see declaration of 'sprintf'
     1>c:\meus documentos\pos\tese\artigos2012\uist_2012\synaptics\server\touch\synforcepaddlg.cpp(375): warning C4244: 'argument' : conversion from 'int' to 'u_short', possible loss of data
     1>c:\meus documentos\pos\tese\artigos2012\uist_2012\synaptics\server\touch\synforcepaddlg.cpp(390): warning C4996: 'sprintf': This function or variable may be unsafe. Consider using sprintf_s instead. To disable deprecation, use _CRT_SECURE_NO_WARNINGS. See online help for details.
                 c:\program files (x86)\microsoft visual studio 10.0\vc\include\stdio.h(371) : see declaration of 'sprintf'
       ResourceCompile:
         All outputs are up-to-date.
       ManifestResourceCompile:
         All outputs are up-to-date.
       Link:
         c:\Program Files (x86)\Microsoft Visual Studio 10.0\VC\bin\link.exe /ERRORREPORT:PROMPT /OUT:"Win32\Debug\SynForcePad.exe" /INCREMENTAL /NOLOGO /MANIFEST /ManifestFile:"Win32\Debug\SynForcePad.exe.intermediate.manifest" /MANIFESTUAC:"level='asInvoker' uiAccess='false'" /DEBUG /PDB:"Win32\Debug\SynForcePad.pdb" /SUBSYSTEM:WINDOWS /TLBID:1 /ENTRY:"wWinMainCRTStartup" /DYNAMICBASE /NXCOMPAT /IMPLIB:"Win32\Debug\SynForcePad.lib" /MACHINE:X86 Win32\Debug\SynForcePad.res
         Win32\Debug\SynForcePad.exe.embed.manifest.res
         Win32\Debug\stdafx.obj
         Win32\Debug\SynForcePad.obj
         Win32\Debug\SynForcePadDlg.obj
       Manifest:
         C:\Program Files (x86)\Microsoft SDKs\Windows\v7.0A\bin\mt.exe /nologo /verbose /out:"Win32\Debug\SynForcePad.exe.embed.manifest" /manifest Win32\Debug\SynForcePad.exe.intermediate.manifest "c:\Program Files (x86)\Microsoft Visual Studio 10.0\VC\Include\Manifest\dpiaware.manifest"
         All outputs are up-to-date.
       LinkEmbedManifest:
         All outputs are up-to-date.
         SynForcePad.vcxproj -> C:\Meus Documentos\pos\Tese\Artigos2012\UIST_2012\Synaptics\SERVER\TOUCH\Win32\Debug\SynForcePad.exe
       FinalizeBuildStatus:
         Deleting file "Win32\Debug\SynForcePad.unsuccessfulbuild".
         Touching "Win32\Debug\SynForcePad.lastbuildstate".
     1>Done Building Project "C:\Meus Documentos\pos\Tese\Artigos2012\UIST_2012\Synaptics\SERVER\TOUCH\SynForcePad.vcxproj" (build target(s)).

Build succeeded.

Time Elapsed 00:00:00.68
