C:\MEUS DOCUMENTOS\POS\TESE\ARTIGOS2012\UIST_2012\SYNAPTICS\SDK\SDK\SAMPLES\SYNFORCEPAD\WIN32\DEBUG\STDAFX.OBJ
C:\MEUS DOCUMENTOS\POS\TESE\ARTIGOS2012\UIST_2012\SYNAPTICS\SDK\SDK\SAMPLES\SYNFORCEPAD\WIN32\DEBUG\SYNFORCEPAD.EXE
C:\MEUS DOCUMENTOS\POS\TESE\ARTIGOS2012\UIST_2012\SYNAPTICS\SDK\SDK\SAMPLES\SYNFORCEPAD\WIN32\DEBUG\SYNFORCEPAD.EXE.EMBED.MANIFEST
C:\MEUS DOCUMENTOS\POS\TESE\ARTIGOS2012\UIST_2012\SYNAPTICS\SDK\SDK\SAMPLES\SYNFORCEPAD\WIN32\DEBUG\SYNFORCEPAD.EXE.EMBED.MANIFEST.RES
C:\MEUS DOCUMENTOS\POS\TESE\ARTIGOS2012\UIST_2012\SYNAPTICS\SDK\SDK\SAMPLES\SYNFORCEPAD\WIN32\DEBUG\SYNFORCEPAD.EXE.INTERMEDIATE.MANIFEST
C:\MEUS DOCUMENTOS\POS\TESE\ARTIGOS2012\UIST_2012\SYNAPTICS\SDK\SDK\SAMPLES\SYNFORCEPAD\WIN32\DEBUG\SYNFORCEPAD.ILK
C:\MEUS DOCUMENTOS\POS\TESE\ARTIGOS2012\UIST_2012\SYNAPTICS\SDK\SDK\SAMPLES\SYNFORCEPAD\WIN32\DEBUG\SYNFORCEPAD.OBJ
C:\MEUS DOCUMENTOS\POS\TESE\ARTIGOS2012\UIST_2012\SYNAPTICS\SDK\SDK\SAMPLES\SYNFORCEPAD\WIN32\DEBUG\SYNFORCEPAD.PCH
C:\MEUS DOCUMENTOS\POS\TESE\ARTIGOS2012\UIST_2012\SYNAPTICS\SDK\SDK\SAMPLES\SYNFORCEPAD\WIN32\DEBUG\SYNFORCEPAD.PDB
C:\MEUS DOCUMENTOS\POS\TESE\ARTIGOS2012\UIST_2012\SYNAPTICS\SDK\SDK\SAMPLES\SYNFORCEPAD\WIN32\DEBUG\SYNFORCEPAD.RES
C:\MEUS DOCUMENTOS\POS\TESE\ARTIGOS2012\UIST_2012\SYNAPTICS\SDK\SDK\SAMPLES\SYNFORCEPAD\WIN32\DEBUG\SYNFORCEPADDLG.OBJ
C:\MEUS DOCUMENTOS\POS\TESE\ARTIGOS2012\UIST_2012\SYNAPTICS\SDK\SDK\SAMPLES\SYNFORCEPAD\WIN32\DEBUG\VC100.PDB
C:\Meus Documentos\pos\Tese\Artigos2012\UIST_2012\Synaptics\SERVER\TOUCH\Win32\Debug\cl.command.1.tlog
C:\Meus Documentos\pos\Tese\Artigos2012\UIST_2012\Synaptics\SERVER\TOUCH\Win32\Debug\CL.read.1.tlog
C:\Meus Documentos\pos\Tese\Artigos2012\UIST_2012\Synaptics\SERVER\TOUCH\Win32\Debug\CL.write.1.tlog
C:\Meus Documentos\pos\Tese\Artigos2012\UIST_2012\Synaptics\SERVER\TOUCH\Win32\Debug\link.command.1.tlog
C:\Meus Documentos\pos\Tese\Artigos2012\UIST_2012\Synaptics\SERVER\TOUCH\Win32\Debug\link.read.1.tlog
C:\Meus Documentos\pos\Tese\Artigos2012\UIST_2012\Synaptics\SERVER\TOUCH\Win32\Debug\link.write.1.tlog
C:\Meus Documentos\pos\Tese\Artigos2012\UIST_2012\Synaptics\SERVER\TOUCH\Win32\Debug\link-cvtres.read.1.tlog
C:\Meus Documentos\pos\Tese\Artigos2012\UIST_2012\Synaptics\SERVER\TOUCH\Win32\Debug\link-cvtres.write.1.tlog
C:\Meus Documentos\pos\Tese\Artigos2012\UIST_2012\Synaptics\SERVER\TOUCH\Win32\Debug\mt.command.1.tlog
C:\Meus Documentos\pos\Tese\Artigos2012\UIST_2012\Synaptics\SERVER\TOUCH\Win32\Debug\mt.read.1.tlog
C:\Meus Documentos\pos\Tese\Artigos2012\UIST_2012\Synaptics\SERVER\TOUCH\Win32\Debug\mt.write.1.tlog
C:\Meus Documentos\pos\Tese\Artigos2012\UIST_2012\Synaptics\SERVER\TOUCH\Win32\Debug\rc.command.1.tlog
C:\Meus Documentos\pos\Tese\Artigos2012\UIST_2012\Synaptics\SERVER\TOUCH\Win32\Debug\rc.read.1.tlog
C:\Meus Documentos\pos\Tese\Artigos2012\UIST_2012\Synaptics\SERVER\TOUCH\Win32\Debug\rc.write.1.tlog
C:\Meus Documentos\pos\Tese\Artigos2012\UIST_2012\Synaptics\SERVER\TOUCH\Win32\Debug\stdafx.obj
C:\Meus Documentos\pos\Tese\Artigos2012\UIST_2012\Synaptics\SERVER\TOUCH\Win32\Debug\SynForcePad.exe
C:\Meus Documentos\pos\Tese\Artigos2012\UIST_2012\Synaptics\SERVER\TOUCH\Win32\Debug\SynForcePad.exe.embed.manifest
C:\Meus Documentos\pos\Tese\Artigos2012\UIST_2012\Synaptics\SERVER\TOUCH\Win32\Debug\SynForcePad.exe.embed.manifest.res
C:\Meus Documentos\pos\Tese\Artigos2012\UIST_2012\Synaptics\SERVER\TOUCH\Win32\Debug\SynForcePad.exe.intermediate.manifest
C:\Meus Documentos\pos\Tese\Artigos2012\UIST_2012\Synaptics\SERVER\TOUCH\Win32\Debug\SynForcePad.ilk
C:\Meus Documentos\pos\Tese\Artigos2012\UIST_2012\Synaptics\SERVER\TOUCH\Win32\Debug\SynForcePad.obj
C:\Meus Documentos\pos\Tese\Artigos2012\UIST_2012\Synaptics\SERVER\TOUCH\Win32\Debug\SynForcePad.pch
C:\Meus Documentos\pos\Tese\Artigos2012\UIST_2012\Synaptics\SERVER\TOUCH\Win32\Debug\SynForcePad.pdb
C:\Meus Documentos\pos\Tese\Artigos2012\UIST_2012\Synaptics\SERVER\TOUCH\Win32\Debug\SynForcePad.res
C:\Meus Documentos\pos\Tese\Artigos2012\UIST_2012\Synaptics\SERVER\TOUCH\Win32\Debug\SynForcePad_manifest.rc
C:\Meus Documentos\pos\Tese\Artigos2012\UIST_2012\Synaptics\SERVER\TOUCH\Win32\Debug\SynForcePadDlg.obj
C:\Meus Documentos\pos\Tese\Artigos2012\UIST_2012\Synaptics\SERVER\TOUCH\Win32\Debug\vc100.idb
C:\Meus Documentos\pos\Tese\Artigos2012\UIST_2012\Synaptics\SERVER\TOUCH\Win32\Debug\vc100.pdb
Win32\Debug\SynForcePad.ilk
Win32\Debug\SynForcePad.pdb
